[WARN][2019-05-29 22:37:00,922][com.alibaba.druid.pool.DruidDataSource]removeAbandoned is true, not use in productiion.
[INFO][2019-05-29 22:37:01,054][com.alibaba.druid.pool.DruidDataSource]{dataSource-1} inited
[INFO][2019-05-29 22:37:06,507][com.alibaba.druid.pool.DruidDataSource]{dataSource-1} closing ...
[INFO][2019-05-29 22:37:06,507][com.alibaba.druid.pool.DruidDataSource]{dataSource-1} closed
[ERROR][2019-05-29 22:37:06,507][org.springframework.test.context.TestContextManager]Caught exception while allowing TestExecutionListener [org.springframework.test.context.support.DependencyInjectionTestExecutionListener@74667e6a] to prepare test instance [TaskTest@7b222230]
java.lang.IllegalStateException: Failed to load ApplicationContext
	at org.springframework.test.context.CacheAwareContextLoaderDelegate.loadContext(CacheAwareContextLoaderDelegate.java:99)
	at org.springframework.test.context.DefaultTestContext.getApplicationContext(DefaultTestContext.java:101)
	at org.springframework.test.context.support.DependencyInjectionTestExecutionListener.injectDependencies(DependencyInjectionTestExecutionListener.java:109)
	at org.springframework.test.context.support.DependencyInjectionTestExecutionListener.prepareTestInstance(DependencyInjectionTestExecutionListener.java:75)
	at org.springframework.test.context.TestContextManager.prepareTestInstance(TestContextManager.java:324)
	at org.springframework.test.context.junit4.SpringJUnit4ClassRunner.createTest(SpringJUnit4ClassRunner.java:213)
	at org.springframework.test.context.junit4.SpringJUnit4ClassRunner$1.runReflectiveCall(SpringJUnit4ClassRunner.java:290)
	at org.junit.internal.runners.model.ReflectiveCallable.run(ReflectiveCallable.java:12)
	at org.springframework.test.context.junit4.SpringJUnit4ClassRunner.methodBlock(SpringJUnit4ClassRunner.java:292)
	at org.springframework.test.context.junit4.SpringJUnit4ClassRunner.runChild(SpringJUnit4ClassRunner.java:233)
	at org.springframework.test.context.junit4.SpringJUnit4ClassRunner.runChild(SpringJUnit4ClassRunner.java:87)
	at org.junit.runners.ParentRunner$3.run(ParentRunner.java:238)
	at org.junit.runners.ParentRunner$1.schedule(ParentRunner.java:63)
	at org.junit.runners.ParentRunner.runChildren(ParentRunner.java:236)
	at org.junit.runners.ParentRunner.access$000(ParentRunner.java:53)
	at org.junit.runners.ParentRunner$2.evaluate(ParentRunner.java:229)
	at org.springframework.test.context.junit4.statements.RunBeforeTestClassCallbacks.evaluate(RunBeforeTestClassCallbacks.java:61)
	at org.springframework.test.context.junit4.statements.RunAfterTestClassCallbacks.evaluate(RunAfterTestClassCallbacks.java:71)
	at org.junit.runners.ParentRunner.run(ParentRunner.java:309)
	at org.springframework.test.context.junit4.SpringJUnit4ClassRunner.run(SpringJUnit4ClassRunner.java:176)
	at org.junit.runner.JUnitCore.run(JUnitCore.java:160)
	at com.intellij.junit4.JUnit4IdeaTestRunner.startRunnerWithArgs(JUnit4IdeaTestRunner.java:68)
	at com.intellij.rt.execution.junit.IdeaTestRunner$Repeater.startRunnerWithArgs(IdeaTestRunner.java:47)
	at com.intellij.rt.execution.junit.JUnitStarter.prepareStreamsAndStart(JUnitStarter.java:242)
	at com.intellij.rt.execution.junit.JUnitStarter.main(JUnitStarter.java:70)
Caused by: org.springframework.beans.factory.BeanCreationException: Error creating bean with name 'defaultServletHandlerMapping' defined in class path resource [org/springframework/web/servlet/config/annotation/DelegatingWebMvcConfiguration.class]: Instantiation of bean failed; nested exception is org.springframework.beans.factory.BeanDefinitionStoreException: Factory method [public org.springframework.web.servlet.HandlerMapping org.springframework.web.servlet.config.annotation.WebMvcConfigurationSupport.defaultServletHandlerMapping()] threw exception; nested exception is java.lang.IllegalArgumentException: A ServletContext is required to configure default servlet handling
	at org.springframework.beans.factory.support.ConstructorResolver.instantiateUsingFactoryMethod(ConstructorResolver.java:597)
	at org.springframework.beans.factory.support.AbstractAutowireCapableBeanFactory.instantiateUsingFactoryMethod(AbstractAutowireCapableBeanFactory.java:1094)
	at org.springframework.beans.factory.support.AbstractAutowireCapableBeanFactory.createBeanInstance(AbstractAutowireCapableBeanFactory.java:989)
	at org.springframework.beans.factory.support.AbstractAutowireCapableBeanFactory.doCreateBean(AbstractAutowireCapableBeanFactory.java:504)
	at org.springframework.beans.factory.support.AbstractAutowireCapableBeanFactory.createBean(AbstractAutowireCapableBeanFactory.java:475)
	at org.springframework.beans.factory.support.AbstractBeanFactory$1.getObject(AbstractBeanFactory.java:304)
	at org.springframework.beans.factory.support.DefaultSingletonBeanRegistry.getSingleton(DefaultSingletonBeanRegistry.java:228)
	at org.springframework.beans.factory.support.AbstractBeanFactory.doGetBean(AbstractBeanFactory.java:300)
	at org.springframework.beans.factory.support.AbstractBeanFactory.getBean(AbstractBeanFactory.java:195)
	at org.springframework.beans.factory.support.DefaultListableBeanFactory.preInstantiateSingletons(DefaultListableBeanFactory.java:703)
	at org.springframework.context.support.AbstractApplicationContext.finishBeanFactoryInitialization(AbstractApplicationContext.java:760)
	at org.springframework.context.support.AbstractApplicationContext.refresh(AbstractApplicationContext.java:482)
	at org.springframework.test.context.support.AbstractGenericContextLoader.loadContext(AbstractGenericContextLoader.java:125)
	at org.springframework.test.context.support.AbstractGenericContextLoader.loadContext(AbstractGenericContextLoader.java:60)
	at org.springframework.test.context.support.AbstractDelegatingSmartContextLoader.delegateLoading(AbstractDelegatingSmartContextLoader.java:100)
	at org.springframework.test.context.support.AbstractDelegatingSmartContextLoader.loadContext(AbstractDelegatingSmartContextLoader.java:250)
	at org.springframework.test.context.CacheAwareContextLoaderDelegate.loadContextInternal(CacheAwareContextLoaderDelegate.java:64)
	at org.springframework.test.context.CacheAwareContextLoaderDelegate.loadContext(CacheAwareContextLoaderDelegate.java:91)
	... 24 more
Caused by: org.springframework.beans.factory.BeanDefinitionStoreException: Factory method [public org.springframework.web.servlet.HandlerMapping org.springframework.web.servlet.config.annotation.WebMvcConfigurationSupport.defaultServletHandlerMapping()] threw exception; nested exception is java.lang.IllegalArgumentException: A ServletContext is required to configure default servlet handling
	at org.springframework.beans.factory.support.SimpleInstantiationStrategy.instantiate(SimpleInstantiationStrategy.java:188)
	at org.springframework.beans.factory.support.ConstructorResolver.instantiateUsingFactoryMethod(ConstructorResolver.java:586)
	... 41 more
Caused by: java.lang.IllegalArgumentException: A ServletContext is required to configure default servlet handling
	at org.springframework.util.Assert.notNull(Assert.java:112)
	at org.springframework.web.servlet.config.annotation.DefaultServletHandlerConfigurer.<init>(DefaultServletHandlerConfigurer.java:54)
	at org.springframework.web.servlet.config.annotation.WebMvcConfigurationSupport.defaultServletHandlerMapping(WebMvcConfigurationSupport.java:346)
	at org.springframework.web.servlet.config.annotation.DelegatingWebMvcConfiguration$$EnhancerBySpringCGLIB$$1560e1a5.CGLIB$defaultServletHandlerMapping$29(<generated>)
	at org.springframework.web.servlet.config.annotation.DelegatingWebMvcConfiguration$$EnhancerBySpringCGLIB$$1560e1a5$$FastClassBySpringCGLIB$$db28bfe6.invoke(<generated>)
	at org.springframework.cglib.proxy.MethodProxy.invokeSuper(MethodProxy.java:228)
	at org.springframework.context.annotation.ConfigurationClassEnhancer$BeanMethodInterceptor.intercept(ConfigurationClassEnhancer.java:312)
	at org.springframework.web.servlet.config.annotation.DelegatingWebMvcConfiguration$$EnhancerBySpringCGLIB$$1560e1a5.defaultServletHandlerMapping(<generated>)
	at sun.reflect.NativeMethodAccessorImpl.invoke0(Native Method)
	at sun.reflect.NativeMethodAccessorImpl.invoke(NativeMethodAccessorImpl.java:62)
	at sun.reflect.DelegatingMethodAccessorImpl.invoke(DelegatingMethodAccessorImpl.java:43)
	at java.lang.reflect.Method.invoke(Method.java:498)
	at org.springframework.beans.factory.support.SimpleInstantiationStrategy.instantiate(SimpleInstantiationStrategy.java:166)
	... 42 more
[ERROR][2019-05-29 22:37:06,507][org.springframework.test.context.TestContextManager]Caught exception while allowing TestExecutionListener [org.springframework.test.context.support.DependencyInjectionTestExecutionListener@74667e6a] to prepare test instance [TaskTest@7b222230]
java.lang.IllegalStateException: Failed to load ApplicationContext
	at org.springframework.test.context.CacheAwareContextLoaderDelegate.loadContext(CacheAwareContextLoaderDelegate.java:99)
	at org.springframework.test.context.DefaultTestContext.getApplicationContext(DefaultTestContext.java:101)
	at org.springframework.test.context.support.DependencyInjectionTestExecutionListener.injectDependencies(DependencyInjectionTestExecutionListener.java:109)
	at org.springframework.test.context.support.DependencyInjectionTestExecutionListener.prepareTestInstance(DependencyInjectionTestExecutionListener.java:75)
	at org.springframework.test.context.TestContextManager.prepareTestInstance(TestContextManager.java:324)
	at org.springframework.test.context.junit4.SpringJUnit4ClassRunner.createTest(SpringJUnit4ClassRunner.java:213)
	at org.springframework.test.context.junit4.SpringJUnit4ClassRunner$1.runReflectiveCall(SpringJUnit4ClassRunner.java:290)
	at org.junit.internal.runners.model.ReflectiveCallable.run(ReflectiveCallable.java:12)
	at org.springframework.test.context.junit4.SpringJUnit4ClassRunner.methodBlock(SpringJUnit4ClassRunner.java:292)
	at org.springframework.test.context.junit4.SpringJUnit4ClassRunner.runChild(SpringJUnit4ClassRunner.java:233)
	at org.springframework.test.context.junit4.SpringJUnit4ClassRunner.runChild(SpringJUnit4ClassRunner.java:87)
	at org.junit.runners.ParentRunner$3.run(ParentRunner.java:238)
	at org.junit.runners.ParentRunner$1.schedule(ParentRunner.java:63)
	at org.junit.runners.ParentRunner.runChildren(ParentRunner.java:236)
	at org.junit.runners.ParentRunner.access$000(ParentRunner.java:53)
	at org.junit.runners.ParentRunner$2.evaluate(ParentRunner.java:229)
	at org.springframework.test.context.junit4.statements.RunBeforeTestClassCallbacks.evaluate(RunBeforeTestClassCallbacks.java:61)
	at org.springframework.test.context.junit4.statements.RunAfterTestClassCallbacks.evaluate(RunAfterTestClassCallbacks.java:71)
	at org.junit.runners.ParentRunner.run(ParentRunner.java:309)
	at org.springframework.test.context.junit4.SpringJUnit4ClassRunner.run(SpringJUnit4ClassRunner.java:176)
	at org.junit.runner.JUnitCore.run(JUnitCore.java:160)
	at com.intellij.junit4.JUnit4IdeaTestRunner.startRunnerWithArgs(JUnit4IdeaTestRunner.java:68)
	at com.intellij.rt.execution.junit.IdeaTestRunner$Repeater.startRunnerWithArgs(IdeaTestRunner.java:47)
	at com.intellij.rt.execution.junit.JUnitStarter.prepareStreamsAndStart(JUnitStarter.java:242)
	at com.intellij.rt.execution.junit.JUnitStarter.main(JUnitStarter.java:70)
Caused by: org.springframework.beans.factory.BeanCreationException: Error creating bean with name 'defaultServletHandlerMapping' defined in class path resource [org/springframework/web/servlet/config/annotation/DelegatingWebMvcConfiguration.class]: Instantiation of bean failed; nested exception is org.springframework.beans.factory.BeanDefinitionStoreException: Factory method [public org.springframework.web.servlet.HandlerMapping org.springframework.web.servlet.config.annotation.WebMvcConfigurationSupport.defaultServletHandlerMapping()] threw exception; nested exception is java.lang.IllegalArgumentException: A ServletContext is required to configure default servlet handling
	at org.springframework.beans.factory.support.ConstructorResolver.instantiateUsingFactoryMethod(ConstructorResolver.java:597)
	at org.springframework.beans.factory.support.AbstractAutowireCapableBeanFactory.instantiateUsingFactoryMethod(AbstractAutowireCapableBeanFactory.java:1094)
	at org.springframework.beans.factory.support.AbstractAutowireCapableBeanFactory.createBeanInstance(AbstractAutowireCapableBeanFactory.java:989)
	at org.springframework.beans.factory.support.AbstractAutowireCapableBeanFactory.doCreateBean(AbstractAutowireCapableBeanFactory.java:504)
	at org.springframework.beans.factory.support.AbstractAutowireCapableBeanFactory.createBean(AbstractAutowireCapableBeanFactory.java:475)
	at org.springframework.beans.factory.support.AbstractBeanFactory$1.getObject(AbstractBeanFactory.java:304)
	at org.springframework.beans.factory.support.DefaultSingletonBeanRegistry.getSingleton(DefaultSingletonBeanRegistry.java:228)
	at org.springframework.beans.factory.support.AbstractBeanFactory.doGetBean(AbstractBeanFactory.java:300)
	at org.springframework.beans.factory.support.AbstractBeanFactory.getBean(AbstractBeanFactory.java:195)
	at org.springframework.beans.factory.support.DefaultListableBeanFactory.preInstantiateSingletons(DefaultListableBeanFactory.java:703)
	at org.springframework.context.support.AbstractApplicationContext.finishBeanFactoryInitialization(AbstractApplicationContext.java:760)
	at org.springframework.context.support.AbstractApplicationContext.refresh(AbstractApplicationContext.java:482)
	at org.springframework.test.context.support.AbstractGenericContextLoader.loadContext(AbstractGenericContextLoader.java:125)
	at org.springframework.test.context.support.AbstractGenericContextLoader.loadContext(AbstractGenericContextLoader.java:60)
	at org.springframework.test.context.support.AbstractDelegatingSmartContextLoader.delegateLoading(AbstractDelegatingSmartContextLoader.java:100)
	at org.springframework.test.context.support.AbstractDelegatingSmartContextLoader.loadContext(AbstractDelegatingSmartContextLoader.java:250)
	at org.springframework.test.context.CacheAwareContextLoaderDelegate.loadContextInternal(CacheAwareContextLoaderDelegate.java:64)
	at org.springframework.test.context.CacheAwareContextLoaderDelegate.loadContext(CacheAwareContextLoaderDelegate.java:91)
	... 24 more
Caused by: org.springframework.beans.factory.BeanDefinitionStoreException: Factory method [public org.springframework.web.servlet.HandlerMapping org.springframework.web.servlet.config.annotation.WebMvcConfigurationSupport.defaultServletHandlerMapping()] threw exception; nested exception is java.lang.IllegalArgumentException: A ServletContext is required to configure default servlet handling
	at org.springframework.beans.factory.support.SimpleInstantiationStrategy.instantiate(SimpleInstantiationStrategy.java:188)
	at org.springframework.beans.factory.support.ConstructorResolver.instantiateUsingFactoryMethod(ConstructorResolver.java:586)
	... 41 more
Caused by: java.lang.IllegalArgumentException: A ServletContext is required to configure default servlet handling
	at org.springframework.util.Assert.notNull(Assert.java:112)
	at org.springframework.web.servlet.config.annotation.DefaultServletHandlerConfigurer.<init>(DefaultServletHandlerConfigurer.java:54)
	at org.springframework.web.servlet.config.annotation.WebMvcConfigurationSupport.defaultServletHandlerMapping(WebMvcConfigurationSupport.java:346)
	at org.springframework.web.servlet.config.annotation.DelegatingWebMvcConfiguration$$EnhancerBySpringCGLIB$$1560e1a5.CGLIB$defaultServletHandlerMapping$29(<generated>)
	at org.springframework.web.servlet.config.annotation.DelegatingWebMvcConfiguration$$EnhancerBySpringCGLIB$$1560e1a5$$FastClassBySpringCGLIB$$db28bfe6.invoke(<generated>)
	at org.springframework.cglib.proxy.MethodProxy.invokeSuper(MethodProxy.java:228)
	at org.springframework.context.annotation.ConfigurationClassEnhancer$BeanMethodInterceptor.intercept(ConfigurationClassEnhancer.java:312)
	at org.springframework.web.servlet.config.annotation.DelegatingWebMvcConfiguration$$EnhancerBySpringCGLIB$$1560e1a5.defaultServletHandlerMapping(<generated>)
	at sun.reflect.NativeMethodAccessorImpl.invoke0(Native Method)
	at sun.reflect.NativeMethodAccessorImpl.invoke(NativeMethodAccessorImpl.java:62)
	at sun.reflect.DelegatingMethodAccessorImpl.invoke(DelegatingMethodAccessorImpl.java:43)
	at java.lang.reflect.Method.invoke(Method.java:498)
	at org.springframework.beans.factory.support.SimpleInstantiationStrategy.instantiate(SimpleInstantiationStrategy.java:166)
	... 42 more
[WARN][2019-05-29 22:39:38,743][com.alibaba.druid.pool.DruidDataSource]removeAbandoned is true, not use in productiion.
[INFO][2019-05-29 22:39:38,888][com.alibaba.druid.pool.DruidDataSource]{dataSource-1} inited
[DEBUG][2019-05-29 22:39:41,022][com.simulation.dao.mybatis.knowledge.TaskDao.findCycleTask]ooo Using Connection [com.alibaba.druid.proxy.jdbc.ConnectionProxyImpl@2f2bff16]
[DEBUG][2019-05-29 22:39:41,022][com.simulation.dao.mybatis.knowledge.TaskDao.findCycleTask]ooo Using Connection [com.alibaba.druid.proxy.jdbc.ConnectionProxyImpl@afd8e36]
[DEBUG][2019-05-29 22:39:41,037][com.simulation.dao.mybatis.knowledge.TaskDao.findCycleTask]==>  Preparing: select pc.id,pc.parent_id,theme,type,pc.description,distributor_id,u2.user_name distributor,pic_id,u3.user_name pic,executor_id,u1.user_name executor,begin_time,finish_time,status_id,s.description `status`,file_url,importance from t_task_plantask pc LEFT JOIN t_task_status s on s.id = pc.status_id LEFT JOIN t_sys_user u1 ON pc.executor_id = u1.id LEFT JOIN t_sys_user u2 ON pc.distributor_id = u2.id LEFT JOIN t_sys_user u3 ON pc.pic_id = u3.id where pc.type=? and available=true 
[DEBUG][2019-05-29 22:39:41,037][com.simulation.dao.mybatis.knowledge.TaskDao.findCycleTask]==>  Preparing: select pc.id,pc.parent_id,theme,type,pc.description,distributor_id,u2.user_name distributor,pic_id,u3.user_name pic,executor_id,u1.user_name executor,begin_time,finish_time,status_id,s.description `status`,file_url,importance from t_task_plantask pc LEFT JOIN t_task_status s on s.id = pc.status_id LEFT JOIN t_sys_user u1 ON pc.executor_id = u1.id LEFT JOIN t_sys_user u2 ON pc.distributor_id = u2.id LEFT JOIN t_sys_user u3 ON pc.pic_id = u3.id where pc.type=? and available=true 
[DEBUG][2019-05-29 22:39:41,319][com.simulation.dao.mybatis.knowledge.TaskDao.findCycleTask]==> Parameters: 日周期任务(String)
[DEBUG][2019-05-29 22:39:41,319][com.simulation.dao.mybatis.knowledge.TaskDao.findCycleTask]==> Parameters: 日周期任务(String)
[INFO][2019-05-29 22:39:41,444][com.alibaba.druid.pool.DruidDataSource]{dataSource-1} closing ...
[INFO][2019-05-29 22:39:41,459][com.alibaba.druid.pool.DruidDataSource]{dataSource-1} closed
[WARN][2019-05-29 22:42:07,816][com.alibaba.druid.pool.DruidDataSource]removeAbandoned is true, not use in productiion.
[INFO][2019-05-29 22:42:07,949][com.alibaba.druid.pool.DruidDataSource]{dataSource-1} inited
[DEBUG][2019-05-29 22:42:10,243][com.simulation.dao.mybatis.knowledge.TaskDao.findCycleTask]ooo Using Connection [com.alibaba.druid.proxy.jdbc.ConnectionProxyImpl@6b350309]
[DEBUG][2019-05-29 22:42:10,243][com.simulation.dao.mybatis.knowledge.TaskDao.findCycleTask]==>  Preparing: select pc.id,pc.parent_id,theme,type,pc.description,distributor_id,u2.user_name distributor,pic_id,u3.user_name pic,executor_id,u1.user_name executor,begin_time,finish_time,status_id,s.description `status`,file_url,importance from t_task_plantask pc LEFT JOIN t_task_status s on s.id = pc.status_id LEFT JOIN t_sys_user u1 ON pc.executor_id = u1.id LEFT JOIN t_sys_user u2 ON pc.distributor_id = u2.id LEFT JOIN t_sys_user u3 ON pc.pic_id = u3.id where pc.type=? and available=true 
[DEBUG][2019-05-29 22:42:10,431][com.simulation.dao.mybatis.knowledge.TaskDao.findCycleTask]==> Parameters: 日周期任务(String)
[INFO][2019-05-29 22:42:10,493][com.alibaba.druid.pool.DruidDataSource]{dataSource-1} closing ...
[INFO][2019-05-29 22:42:10,493][com.alibaba.druid.pool.DruidDataSource]{dataSource-1} closed
[WARN][2019-05-29 22:42:47,399][com.alibaba.druid.pool.DruidDataSource]removeAbandoned is true, not use in productiion.
[INFO][2019-05-29 22:42:47,493][com.alibaba.druid.pool.DruidDataSource]{dataSource-1} inited
[DEBUG][2019-05-29 22:42:49,554][com.simulation.dao.mybatis.knowledge.TaskDao.findCycleTask]ooo Using Connection [com.alibaba.druid.proxy.jdbc.ConnectionProxyImpl@4d4d8fcf]
[DEBUG][2019-05-29 22:42:49,554][com.simulation.dao.mybatis.knowledge.TaskDao.findCycleTask]==>  Preparing: select pc.id,pc.parent_id,theme,type,pc.description,distributor_id,u2.user_name distributor,pic_id,u3.user_name pic,executor_id,u1.user_name executor,begin_time,finish_time,status_id,s.description `status`,file_url,importance from t_task_plantask pc LEFT JOIN t_task_status s on s.id = pc.status_id LEFT JOIN t_sys_user u1 ON pc.executor_id = u1.id LEFT JOIN t_sys_user u2 ON pc.distributor_id = u2.id LEFT JOIN t_sys_user u3 ON pc.pic_id = u3.id where pc.type=? and available=true 
[DEBUG][2019-05-29 22:42:49,746][com.simulation.dao.mybatis.knowledge.TaskDao.findCycleTask]==> Parameters: 日周期任务(String)
[INFO][2019-05-29 22:42:49,806][com.alibaba.druid.pool.DruidDataSource]{dataSource-1} closing ...
[INFO][2019-05-29 22:42:49,810][com.alibaba.druid.pool.DruidDataSource]{dataSource-1} closed
[ERROR][2019-05-29 22:43:32,161][org.springframework.test.context.TestContextManager]Caught exception while allowing TestExecutionListener [org.springframework.test.context.support.DependencyInjectionTestExecutionListener@5562c41e] to prepare test instance [TaskTest@32ee6fee]
java.lang.IllegalStateException: Failed to load ApplicationContext
	at org.springframework.test.context.CacheAwareContextLoaderDelegate.loadContext(CacheAwareContextLoaderDelegate.java:99)
	at org.springframework.test.context.DefaultTestContext.getApplicationContext(DefaultTestContext.java:101)
	at org.springframework.test.context.support.DependencyInjectionTestExecutionListener.injectDependencies(DependencyInjectionTestExecutionListener.java:109)
	at org.springframework.test.context.support.DependencyInjectionTestExecutionListener.prepareTestInstance(DependencyInjectionTestExecutionListener.java:75)
	at org.springframework.test.context.TestContextManager.prepareTestInstance(TestContextManager.java:324)
	at org.springframework.test.context.junit4.SpringJUnit4ClassRunner.createTest(SpringJUnit4ClassRunner.java:213)
	at org.springframework.test.context.junit4.SpringJUnit4ClassRunner$1.runReflectiveCall(SpringJUnit4ClassRunner.java:290)
	at org.junit.internal.runners.model.ReflectiveCallable.run(ReflectiveCallable.java:12)
	at org.springframework.test.context.junit4.SpringJUnit4ClassRunner.methodBlock(SpringJUnit4ClassRunner.java:292)
	at org.springframework.test.context.junit4.SpringJUnit4ClassRunner.runChild(SpringJUnit4ClassRunner.java:233)
	at org.springframework.test.context.junit4.SpringJUnit4ClassRunner.runChild(SpringJUnit4ClassRunner.java:87)
	at org.junit.runners.ParentRunner$3.run(ParentRunner.java:238)
	at org.junit.runners.ParentRunner$1.schedule(ParentRunner.java:63)
	at org.junit.runners.ParentRunner.runChildren(ParentRunner.java:236)
	at org.junit.runners.ParentRunner.access$000(ParentRunner.java:53)
	at org.junit.runners.ParentRunner$2.evaluate(ParentRunner.java:229)
	at org.springframework.test.context.junit4.statements.RunBeforeTestClassCallbacks.evaluate(RunBeforeTestClassCallbacks.java:61)
	at org.springframework.test.context.junit4.statements.RunAfterTestClassCallbacks.evaluate(RunAfterTestClassCallbacks.java:71)
	at org.junit.runners.ParentRunner.run(ParentRunner.java:309)
	at org.springframework.test.context.junit4.SpringJUnit4ClassRunner.run(SpringJUnit4ClassRunner.java:176)
	at org.junit.runner.JUnitCore.run(JUnitCore.java:160)
	at com.intellij.junit4.JUnit4IdeaTestRunner.startRunnerWithArgs(JUnit4IdeaTestRunner.java:68)
	at com.intellij.rt.execution.junit.IdeaTestRunner$Repeater.startRunnerWithArgs(IdeaTestRunner.java:47)
	at com.intellij.rt.execution.junit.JUnitStarter.prepareStreamsAndStart(JUnitStarter.java:242)
	at com.intellij.rt.execution.junit.JUnitStarter.main(JUnitStarter.java:70)
Caused by: org.springframework.beans.factory.BeanCreationException: Error creating bean with name 'shiroFilter' defined in URL [file:/D:/elipseWorkspace/shiyanshi/build/classes/spring-shiro.xml]: Cannot resolve reference to bean 'securityManager' while setting bean property 'securityManager'; nested exception is org.springframework.beans.factory.BeanCreationException: Error creating bean with name 'securityManager' defined in URL [file:/D:/elipseWorkspace/shiyanshi/build/classes/spring-shiro.xml]: Cannot resolve reference to bean 'customRealm' while setting bean property 'realm'; nested exception is org.springframework.beans.factory.BeanCreationException: Error creating bean with name 'customRealm': Injection of autowired dependencies failed; nested exception is org.springframework.beans.factory.BeanCreationException: Could not autowire field: private com.simulation.service.sys.SysUserService com.simulation.core.shiro.CustomRealm.sysUserService; nested exception is org.springframework.beans.factory.BeanCreationException: Error creating bean with name 'sysUserService': Injection of autowired dependencies failed; nested exception is org.springframework.beans.factory.BeanCreationException: Could not autowire field: private com.simulation.dao.mybatis.sys.SysUserDao com.simulation.service.sys.impl.SysUserServiceImpl.sysUserDao; nested exception is org.springframework.beans.factory.NoSuchBeanDefinitionException: No qualifying bean of type [com.simulation.dao.mybatis.sys.SysUserDao] found for dependency: expected at least 1 bean which qualifies as autowire candidate for this dependency. Dependency annotations: {@org.springframework.beans.factory.annotation.Autowired(required=true)}
	at org.springframework.beans.factory.support.BeanDefinitionValueResolver.resolveReference(BeanDefinitionValueResolver.java:336)
	at org.springframework.beans.factory.support.BeanDefinitionValueResolver.resolveValueIfNecessary(BeanDefinitionValueResolver.java:108)
	at org.springframework.beans.factory.support.AbstractAutowireCapableBeanFactory.applyPropertyValues(AbstractAutowireCapableBeanFactory.java:1456)
	at org.springframework.beans.factory.support.AbstractAutowireCapableBeanFactory.populateBean(AbstractAutowireCapableBeanFactory.java:1197)
	at org.springframework.beans.factory.support.AbstractAutowireCapableBeanFactory.doCreateBean(AbstractAutowireCapableBeanFactory.java:537)
	at org.springframework.beans.factory.support.AbstractAutowireCapableBeanFactory.createBean(AbstractAutowireCapableBeanFactory.java:475)
	at org.springframework.beans.factory.support.AbstractBeanFactory$1.getObject(AbstractBeanFactory.java:304)
	at org.springframework.beans.factory.support.DefaultSingletonBeanRegistry.getSingleton(DefaultSingletonBeanRegistry.java:228)
	at org.springframework.beans.factory.support.AbstractBeanFactory.doGetBean(AbstractBeanFactory.java:300)
	at org.springframework.beans.factory.support.AbstractBeanFactory.getBean(AbstractBeanFactory.java:200)
	at org.springframework.context.support.PostProcessorRegistrationDelegate.registerBeanPostProcessors(PostProcessorRegistrationDelegate.java:232)
	at org.springframework.context.support.AbstractApplicationContext.registerBeanPostProcessors(AbstractApplicationContext.java:618)
	at org.springframework.context.support.AbstractApplicationContext.refresh(AbstractApplicationContext.java:467)
	at org.springframework.test.context.support.AbstractGenericContextLoader.loadContext(AbstractGenericContextLoader.java:125)
	at org.springframework.test.context.support.AbstractGenericContextLoader.loadContext(AbstractGenericContextLoader.java:60)
	at org.springframework.test.context.support.AbstractDelegatingSmartContextLoader.delegateLoading(AbstractDelegatingSmartContextLoader.java:100)
	at org.springframework.test.context.support.AbstractDelegatingSmartContextLoader.loadContext(AbstractDelegatingSmartContextLoader.java:250)
	at org.springframework.test.context.CacheAwareContextLoaderDelegate.loadContextInternal(CacheAwareContextLoaderDelegate.java:64)
	at org.springframework.test.context.CacheAwareContextLoaderDelegate.loadContext(CacheAwareContextLoaderDelegate.java:91)
	... 24 more
Caused by: org.springframework.beans.factory.BeanCreationException: Error creating bean with name 'securityManager' defined in URL [file:/D:/elipseWorkspace/shiyanshi/build/classes/spring-shiro.xml]: Cannot resolve reference to bean 'customRealm' while setting bean property 'realm'; nested exception is org.springframework.beans.factory.BeanCreationException: Error creating bean with name 'customRealm': Injection of autowired dependencies failed; nested exception is org.springframework.beans.factory.BeanCreationException: Could not autowire field: private com.simulation.service.sys.SysUserService com.simulation.core.shiro.CustomRealm.sysUserService; nested exception is org.springframework.beans.factory.BeanCreationException: Error creating bean with name 'sysUserService': Injection of autowired dependencies failed; nested exception is org.springframework.beans.factory.BeanCreationException: Could not autowire field: private com.simulation.dao.mybatis.sys.SysUserDao com.simulation.service.sys.impl.SysUserServiceImpl.sysUserDao; nested exception is org.springframework.beans.factory.NoSuchBeanDefinitionException: No qualifying bean of type [com.simulation.dao.mybatis.sys.SysUserDao] found for dependency: expected at least 1 bean which qualifies as autowire candidate for this dependency. Dependency annotations: {@org.springframework.beans.factory.annotation.Autowired(required=true)}
	at org.springframework.beans.factory.support.BeanDefinitionValueResolver.resolveReference(BeanDefinitionValueResolver.java:336)
	at org.springframework.beans.factory.support.BeanDefinitionValueResolver.resolveValueIfNecessary(BeanDefinitionValueResolver.java:108)
	at org.springframework.beans.factory.support.AbstractAutowireCapableBeanFactory.applyPropertyValues(AbstractAutowireCapableBeanFactory.java:1456)
	at org.springframework.beans.factory.support.AbstractAutowireCapableBeanFactory.populateBean(AbstractAutowireCapableBeanFactory.java:1197)
	at org.springframework.beans.factory.support.AbstractAutowireCapableBeanFactory.doCreateBean(AbstractAutowireCapableBeanFactory.java:537)
	at org.springframework.beans.factory.support.AbstractAutowireCapableBeanFactory.createBean(AbstractAutowireCapableBeanFactory.java:475)
	at org.springframework.beans.factory.support.AbstractBeanFactory$1.getObject(AbstractBeanFactory.java:304)
	at org.springframework.beans.factory.support.DefaultSingletonBeanRegistry.getSingleton(DefaultSingletonBeanRegistry.java:228)
	at org.springframework.beans.factory.support.AbstractBeanFactory.doGetBean(AbstractBeanFactory.java:300)
	at org.springframework.beans.factory.support.AbstractBeanFactory.getBean(AbstractBeanFactory.java:195)
	at org.springframework.beans.factory.support.BeanDefinitionValueResolver.resolveReference(BeanDefinitionValueResolver.java:328)
	... 42 more
Caused by: org.springframework.beans.factory.BeanCreationException: Error creating bean with name 'customRealm': Injection of autowired dependencies failed; nested exception is org.springframework.beans.factory.BeanCreationException: Could not autowire field: private com.simulation.service.sys.SysUserService com.simulation.core.shiro.CustomRealm.sysUserService; nested exception is org.springframework.beans.factory.BeanCreationException: Error creating bean with name 'sysUserService': Injection of autowired dependencies failed; nested exception is org.springframework.beans.factory.BeanCreationException: Could not autowire field: private com.simulation.dao.mybatis.sys.SysUserDao com.simulation.service.sys.impl.SysUserServiceImpl.sysUserDao; nested exception is org.springframework.beans.factory.NoSuchBeanDefinitionException: No qualifying bean of type [com.simulation.dao.mybatis.sys.SysUserDao] found for dependency: expected at least 1 bean which qualifies as autowire candidate for this dependency. Dependency annotations: {@org.springframework.beans.factory.annotation.Autowired(required=true)}
	at org.springframework.beans.factory.annotation.AutowiredAnnotationBeanPostProcessor.postProcessPropertyValues(AutowiredAnnotationBeanPostProcessor.java:292)
	at org.springframework.beans.factory.support.AbstractAutowireCapableBeanFactory.populateBean(AbstractAutowireCapableBeanFactory.java:1185)
	at org.springframework.beans.factory.support.AbstractAutowireCapableBeanFactory.doCreateBean(AbstractAutowireCapableBeanFactory.java:537)
	at org.springframework.beans.factory.support.AbstractAutowireCapableBeanFactory.createBean(AbstractAutowireCapableBeanFactory.java:475)
	at org.springframework.beans.factory.support.AbstractBeanFactory$1.getObject(AbstractBeanFactory.java:304)
	at org.springframework.beans.factory.support.DefaultSingletonBeanRegistry.getSingleton(DefaultSingletonBeanRegistry.java:228)
	at org.springframework.beans.factory.support.AbstractBeanFactory.doGetBean(AbstractBeanFactory.java:300)
	at org.springframework.beans.factory.support.AbstractBeanFactory.getBean(AbstractBeanFactory.java:195)
	at org.springframework.beans.factory.support.BeanDefinitionValueResolver.resolveReference(BeanDefinitionValueResolver.java:328)
	... 52 more
Caused by: org.springframework.beans.factory.BeanCreationException: Could not autowire field: private com.simulation.service.sys.SysUserService com.simulation.core.shiro.CustomRealm.sysUserService; nested exception is org.springframework.beans.factory.BeanCreationException: Error creating bean with name 'sysUserService': Injection of autowired dependencies failed; nested exception is org.springframework.beans.factory.BeanCreationException: Could not autowire field: private com.simulation.dao.mybatis.sys.SysUserDao com.simulation.service.sys.impl.SysUserServiceImpl.sysUserDao; nested exception is org.springframework.beans.factory.NoSuchBeanDefinitionException: No qualifying bean of type [com.simulation.dao.mybatis.sys.SysUserDao] found for dependency: expected at least 1 bean which qualifies as autowire candidate for this dependency. Dependency annotations: {@org.springframework.beans.factory.annotation.Autowired(required=true)}
	at org.springframework.beans.factory.annotation.AutowiredAnnotationBeanPostProcessor$AutowiredFieldElement.inject(AutowiredAnnotationBeanPostProcessor.java:508)
	at org.springframework.beans.factory.annotation.InjectionMetadata.inject(InjectionMetadata.java:87)
	at org.springframework.beans.factory.annotation.AutowiredAnnotationBeanPostProcessor.postProcessPropertyValues(AutowiredAnnotationBeanPostProcessor.java:289)
	... 60 more
Caused by: org.springframework.beans.factory.BeanCreationException: Error creating bean with name 'sysUserService': Injection of autowired dependencies failed; nested exception is org.springframework.beans.factory.BeanCreationException: Could not autowire field: private com.simulation.dao.mybatis.sys.SysUserDao com.simulation.service.sys.impl.SysUserServiceImpl.sysUserDao; nested exception is org.springframework.beans.factory.NoSuchBeanDefinitionException: No qualifying bean of type [com.simulation.dao.mybatis.sys.SysUserDao] found for dependency: expected at least 1 bean which qualifies as autowire candidate for this dependency. Dependency annotations: {@org.springframework.beans.factory.annotation.Autowired(required=true)}
	at org.springframework.beans.factory.annotation.AutowiredAnnotationBeanPostProcessor.postProcessPropertyValues(AutowiredAnnotationBeanPostProcessor.java:292)
	at org.springframework.beans.factory.support.AbstractAutowireCapableBeanFactory.populateBean(AbstractAutowireCapableBeanFactory.java:1185)
	at org.springframework.beans.factory.support.AbstractAutowireCapableBeanFactory.doCreateBean(AbstractAutowireCapableBeanFactory.java:537)
	at org.springframework.beans.factory.support.AbstractAutowireCapableBeanFactory.createBean(AbstractAutowireCapableBeanFactory.java:475)
	at org.springframework.beans.factory.support.AbstractBeanFactory$1.getObject(AbstractBeanFactory.java:304)
	at org.springframework.beans.factory.support.DefaultSingletonBeanRegistry.getSingleton(DefaultSingletonBeanRegistry.java:228)
	at org.springframework.beans.factory.support.AbstractBeanFactory.doGetBean(AbstractBeanFactory.java:300)
	at org.springframework.beans.factory.support.AbstractBeanFactory.getBean(AbstractBeanFactory.java:195)
	at org.springframework.beans.factory.support.DefaultListableBeanFactory.findAutowireCandidates(DefaultListableBeanFactory.java:1017)
	at org.springframework.beans.factory.support.DefaultListableBeanFactory.doResolveDependency(DefaultListableBeanFactory.java:960)
	at org.springframework.beans.factory.support.DefaultListableBeanFactory.resolveDependency(DefaultListableBeanFactory.java:858)
	at org.springframework.beans.factory.annotation.AutowiredAnnotationBeanPostProcessor$AutowiredFieldElement.inject(AutowiredAnnotationBeanPostProcessor.java:480)
	... 62 more
Caused by: org.springframework.beans.factory.BeanCreationException: Could not autowire field: private com.simulation.dao.mybatis.sys.SysUserDao com.simulation.service.sys.impl.SysUserServiceImpl.sysUserDao; nested exception is org.springframework.beans.factory.NoSuchBeanDefinitionException: No qualifying bean of type [com.simulation.dao.mybatis.sys.SysUserDao] found for dependency: expected at least 1 bean which qualifies as autowire candidate for this dependency. Dependency annotations: {@org.springframework.beans.factory.annotation.Autowired(required=true)}
	at org.springframework.beans.factory.annotation.AutowiredAnnotationBeanPostProcessor$AutowiredFieldElement.inject(AutowiredAnnotationBeanPostProcessor.java:508)
	at org.springframework.beans.factory.annotation.InjectionMetadata.inject(InjectionMetadata.java:87)
	at org.springframework.beans.factory.annotation.AutowiredAnnotationBeanPostProcessor.postProcessPropertyValues(AutowiredAnnotationBeanPostProcessor.java:289)
	... 73 more
Caused by: org.springframework.beans.factory.NoSuchBeanDefinitionException: No qualifying bean of type [com.simulation.dao.mybatis.sys.SysUserDao] found for dependency: expected at least 1 bean which qualifies as autowire candidate for this dependency. Dependency annotations: {@org.springframework.beans.factory.annotation.Autowired(required=true)}
	at org.springframework.beans.factory.support.DefaultListableBeanFactory.raiseNoSuchBeanDefinitionException(DefaultListableBeanFactory.java:1103)
	at org.springframework.beans.factory.support.DefaultListableBeanFactory.doResolveDependency(DefaultListableBeanFactory.java:963)
	at org.springframework.beans.factory.support.DefaultListableBeanFactory.resolveDependency(DefaultListableBeanFactory.java:858)
	at org.springframework.beans.factory.annotation.AutowiredAnnotationBeanPostProcessor$AutowiredFieldElement.inject(AutowiredAnnotationBeanPostProcessor.java:480)
	... 75 more
[ERROR][2019-05-29 22:43:32,161][org.springframework.test.context.TestContextManager]Caught exception while allowing TestExecutionListener [org.springframework.test.context.support.DependencyInjectionTestExecutionListener@5562c41e] to prepare test instance [TaskTest@32ee6fee]
java.lang.IllegalStateException: Failed to load ApplicationContext
	at org.springframework.test.context.CacheAwareContextLoaderDelegate.loadContext(CacheAwareContextLoaderDelegate.java:99)
	at org.springframework.test.context.DefaultTestContext.getApplicationContext(DefaultTestContext.java:101)
	at org.springframework.test.context.support.DependencyInjectionTestExecutionListener.injectDependencies(DependencyInjectionTestExecutionListener.java:109)
	at org.springframework.test.context.support.DependencyInjectionTestExecutionListener.prepareTestInstance(DependencyInjectionTestExecutionListener.java:75)
	at org.springframework.test.context.TestContextManager.prepareTestInstance(TestContextManager.java:324)
	at org.springframework.test.context.junit4.SpringJUnit4ClassRunner.createTest(SpringJUnit4ClassRunner.java:213)
	at org.springframework.test.context.junit4.SpringJUnit4ClassRunner$1.runReflectiveCall(SpringJUnit4ClassRunner.java:290)
	at org.junit.internal.runners.model.ReflectiveCallable.run(ReflectiveCallable.java:12)
	at org.springframework.test.context.junit4.SpringJUnit4ClassRunner.methodBlock(SpringJUnit4ClassRunner.java:292)
	at org.springframework.test.context.junit4.SpringJUnit4ClassRunner.runChild(SpringJUnit4ClassRunner.java:233)
	at org.springframework.test.context.junit4.SpringJUnit4ClassRunner.runChild(SpringJUnit4ClassRunner.java:87)
	at org.junit.runners.ParentRunner$3.run(ParentRunner.java:238)
	at org.junit.runners.ParentRunner$1.schedule(ParentRunner.java:63)
	at org.junit.runners.ParentRunner.runChildren(ParentRunner.java:236)
	at org.junit.runners.ParentRunner.access$000(ParentRunner.java:53)
	at org.junit.runners.ParentRunner$2.evaluate(ParentRunner.java:229)
	at org.springframework.test.context.junit4.statements.RunBeforeTestClassCallbacks.evaluate(RunBeforeTestClassCallbacks.java:61)
	at org.springframework.test.context.junit4.statements.RunAfterTestClassCallbacks.evaluate(RunAfterTestClassCallbacks.java:71)
	at org.junit.runners.ParentRunner.run(ParentRunner.java:309)
	at org.springframework.test.context.junit4.SpringJUnit4ClassRunner.run(SpringJUnit4ClassRunner.java:176)
	at org.junit.runner.JUnitCore.run(JUnitCore.java:160)
	at com.intellij.junit4.JUnit4IdeaTestRunner.startRunnerWithArgs(JUnit4IdeaTestRunner.java:68)
	at com.intellij.rt.execution.junit.IdeaTestRunner$Repeater.startRunnerWithArgs(IdeaTestRunner.java:47)
	at com.intellij.rt.execution.junit.JUnitStarter.prepareStreamsAndStart(JUnitStarter.java:242)
	at com.intellij.rt.execution.junit.JUnitStarter.main(JUnitStarter.java:70)
Caused by: org.springframework.beans.factory.BeanCreationException: Error creating bean with name 'shiroFilter' defined in URL [file:/D:/elipseWorkspace/shiyanshi/build/classes/spring-shiro.xml]: Cannot resolve reference to bean 'securityManager' while setting bean property 'securityManager'; nested exception is org.springframework.beans.factory.BeanCreationException: Error creating bean with name 'securityManager' defined in URL [file:/D:/elipseWorkspace/shiyanshi/build/classes/spring-shiro.xml]: Cannot resolve reference to bean 'customRealm' while setting bean property 'realm'; nested exception is org.springframework.beans.factory.BeanCreationException: Error creating bean with name 'customRealm': Injection of autowired dependencies failed; nested exception is org.springframework.beans.factory.BeanCreationException: Could not autowire field: private com.simulation.service.sys.SysUserService com.simulation.core.shiro.CustomRealm.sysUserService; nested exception is org.springframework.beans.factory.BeanCreationException: Error creating bean with name 'sysUserService': Injection of autowired dependencies failed; nested exception is org.springframework.beans.factory.BeanCreationException: Could not autowire field: private com.simulation.dao.mybatis.sys.SysUserDao com.simulation.service.sys.impl.SysUserServiceImpl.sysUserDao; nested exception is org.springframework.beans.factory.NoSuchBeanDefinitionException: No qualifying bean of type [com.simulation.dao.mybatis.sys.SysUserDao] found for dependency: expected at least 1 bean which qualifies as autowire candidate for this dependency. Dependency annotations: {@org.springframework.beans.factory.annotation.Autowired(required=true)}
	at org.springframework.beans.factory.support.BeanDefinitionValueResolver.resolveReference(BeanDefinitionValueResolver.java:336)
	at org.springframework.beans.factory.support.BeanDefinitionValueResolver.resolveValueIfNecessary(BeanDefinitionValueResolver.java:108)
	at org.springframework.beans.factory.support.AbstractAutowireCapableBeanFactory.applyPropertyValues(AbstractAutowireCapableBeanFactory.java:1456)
	at org.springframework.beans.factory.support.AbstractAutowireCapableBeanFactory.populateBean(AbstractAutowireCapableBeanFactory.java:1197)
	at org.springframework.beans.factory.support.AbstractAutowireCapableBeanFactory.doCreateBean(AbstractAutowireCapableBeanFactory.java:537)
	at org.springframework.beans.factory.support.AbstractAutowireCapableBeanFactory.createBean(AbstractAutowireCapableBeanFactory.java:475)
	at org.springframework.beans.factory.support.AbstractBeanFactory$1.getObject(AbstractBeanFactory.java:304)
	at org.springframework.beans.factory.support.DefaultSingletonBeanRegistry.getSingleton(DefaultSingletonBeanRegistry.java:228)
	at org.springframework.beans.factory.support.AbstractBeanFactory.doGetBean(AbstractBeanFactory.java:300)
	at org.springframework.beans.factory.support.AbstractBeanFactory.getBean(AbstractBeanFactory.java:200)
	at org.springframework.context.support.PostProcessorRegistrationDelegate.registerBeanPostProcessors(PostProcessorRegistrationDelegate.java:232)
	at org.springframework.context.support.AbstractApplicationContext.registerBeanPostProcessors(AbstractApplicationContext.java:618)
	at org.springframework.context.support.AbstractApplicationContext.refresh(AbstractApplicationContext.java:467)
	at org.springframework.test.context.support.AbstractGenericContextLoader.loadContext(AbstractGenericContextLoader.java:125)
	at org.springframework.test.context.support.AbstractGenericContextLoader.loadContext(AbstractGenericContextLoader.java:60)
	at org.springframework.test.context.support.AbstractDelegatingSmartContextLoader.delegateLoading(AbstractDelegatingSmartContextLoader.java:100)
	at org.springframework.test.context.support.AbstractDelegatingSmartContextLoader.loadContext(AbstractDelegatingSmartContextLoader.java:250)
	at org.springframework.test.context.CacheAwareContextLoaderDelegate.loadContextInternal(CacheAwareContextLoaderDelegate.java:64)
	at org.springframework.test.context.CacheAwareContextLoaderDelegate.loadContext(CacheAwareContextLoaderDelegate.java:91)
	... 24 more
Caused by: org.springframework.beans.factory.BeanCreationException: Error creating bean with name 'securityManager' defined in URL [file:/D:/elipseWorkspace/shiyanshi/build/classes/spring-shiro.xml]: Cannot resolve reference to bean 'customRealm' while setting bean property 'realm'; nested exception is org.springframework.beans.factory.BeanCreationException: Error creating bean with name 'customRealm': Injection of autowired dependencies failed; nested exception is org.springframework.beans.factory.BeanCreationException: Could not autowire field: private com.simulation.service.sys.SysUserService com.simulation.core.shiro.CustomRealm.sysUserService; nested exception is org.springframework.beans.factory.BeanCreationException: Error creating bean with name 'sysUserService': Injection of autowired dependencies failed; nested exception is org.springframework.beans.factory.BeanCreationException: Could not autowire field: private com.simulation.dao.mybatis.sys.SysUserDao com.simulation.service.sys.impl.SysUserServiceImpl.sysUserDao; nested exception is org.springframework.beans.factory.NoSuchBeanDefinitionException: No qualifying bean of type [com.simulation.dao.mybatis.sys.SysUserDao] found for dependency: expected at least 1 bean which qualifies as autowire candidate for this dependency. Dependency annotations: {@org.springframework.beans.factory.annotation.Autowired(required=true)}
	at org.springframework.beans.factory.support.BeanDefinitionValueResolver.resolveReference(BeanDefinitionValueResolver.java:336)
	at org.springframework.beans.factory.support.BeanDefinitionValueResolver.resolveValueIfNecessary(BeanDefinitionValueResolver.java:108)
	at org.springframework.beans.factory.support.AbstractAutowireCapableBeanFactory.applyPropertyValues(AbstractAutowireCapableBeanFactory.java:1456)
	at org.springframework.beans.factory.support.AbstractAutowireCapableBeanFactory.populateBean(AbstractAutowireCapableBeanFactory.java:1197)
	at org.springframework.beans.factory.support.AbstractAutowireCapableBeanFactory.doCreateBean(AbstractAutowireCapableBeanFactory.java:537)
	at org.springframework.beans.factory.support.AbstractAutowireCapableBeanFactory.createBean(AbstractAutowireCapableBeanFactory.java:475)
	at org.springframework.beans.factory.support.AbstractBeanFactory$1.getObject(AbstractBeanFactory.java:304)
	at org.springframework.beans.factory.support.DefaultSingletonBeanRegistry.getSingleton(DefaultSingletonBeanRegistry.java:228)
	at org.springframework.beans.factory.support.AbstractBeanFactory.doGetBean(AbstractBeanFactory.java:300)
	at org.springframework.beans.factory.support.AbstractBeanFactory.getBean(AbstractBeanFactory.java:195)
	at org.springframework.beans.factory.support.BeanDefinitionValueResolver.resolveReference(BeanDefinitionValueResolver.java:328)
	... 42 more
Caused by: org.springframework.beans.factory.BeanCreationException: Error creating bean with name 'customRealm': Injection of autowired dependencies failed; nested exception is org.springframework.beans.factory.BeanCreationException: Could not autowire field: private com.simulation.service.sys.SysUserService com.simulation.core.shiro.CustomRealm.sysUserService; nested exception is org.springframework.beans.factory.BeanCreationException: Error creating bean with name 'sysUserService': Injection of autowired dependencies failed; nested exception is org.springframework.beans.factory.BeanCreationException: Could not autowire field: private com.simulation.dao.mybatis.sys.SysUserDao com.simulation.service.sys.impl.SysUserServiceImpl.sysUserDao; nested exception is org.springframework.beans.factory.NoSuchBeanDefinitionException: No qualifying bean of type [com.simulation.dao.mybatis.sys.SysUserDao] found for dependency: expected at least 1 bean which qualifies as autowire candidate for this dependency. Dependency annotations: {@org.springframework.beans.factory.annotation.Autowired(required=true)}
	at org.springframework.beans.factory.annotation.AutowiredAnnotationBeanPostProcessor.postProcessPropertyValues(AutowiredAnnotationBeanPostProcessor.java:292)
	at org.springframework.beans.factory.support.AbstractAutowireCapableBeanFactory.populateBean(AbstractAutowireCapableBeanFactory.java:1185)
	at org.springframework.beans.factory.support.AbstractAutowireCapableBeanFactory.doCreateBean(AbstractAutowireCapableBeanFactory.java:537)
	at org.springframework.beans.factory.support.AbstractAutowireCapableBeanFactory.createBean(AbstractAutowireCapableBeanFactory.java:475)
	at org.springframework.beans.factory.support.AbstractBeanFactory$1.getObject(AbstractBeanFactory.java:304)
	at org.springframework.beans.factory.support.DefaultSingletonBeanRegistry.getSingleton(DefaultSingletonBeanRegistry.java:228)
	at org.springframework.beans.factory.support.AbstractBeanFactory.doGetBean(AbstractBeanFactory.java:300)
	at org.springframework.beans.factory.support.AbstractBeanFactory.getBean(AbstractBeanFactory.java:195)
	at org.springframework.beans.factory.support.BeanDefinitionValueResolver.resolveReference(BeanDefinitionValueResolver.java:328)
	... 52 more
Caused by: org.springframework.beans.factory.BeanCreationException: Could not autowire field: private com.simulation.service.sys.SysUserService com.simulation.core.shiro.CustomRealm.sysUserService; nested exception is org.springframework.beans.factory.BeanCreationException: Error creating bean with name 'sysUserService': Injection of autowired dependencies failed; nested exception is org.springframework.beans.factory.BeanCreationException: Could not autowire field: private com.simulation.dao.mybatis.sys.SysUserDao com.simulation.service.sys.impl.SysUserServiceImpl.sysUserDao; nested exception is org.springframework.beans.factory.NoSuchBeanDefinitionException: No qualifying bean of type [com.simulation.dao.mybatis.sys.SysUserDao] found for dependency: expected at least 1 bean which qualifies as autowire candidate for this dependency. Dependency annotations: {@org.springframework.beans.factory.annotation.Autowired(required=true)}
	at org.springframework.beans.factory.annotation.AutowiredAnnotationBeanPostProcessor$AutowiredFieldElement.inject(AutowiredAnnotationBeanPostProcessor.java:508)
	at org.springframework.beans.factory.annotation.InjectionMetadata.inject(InjectionMetadata.java:87)
	at org.springframework.beans.factory.annotation.AutowiredAnnotationBeanPostProcessor.postProcessPropertyValues(AutowiredAnnotationBeanPostProcessor.java:289)
	... 60 more
Caused by: org.springframework.beans.factory.BeanCreationException: Error creating bean with name 'sysUserService': Injection of autowired dependencies failed; nested exception is org.springframework.beans.factory.BeanCreationException: Could not autowire field: private com.simulation.dao.mybatis.sys.SysUserDao com.simulation.service.sys.impl.SysUserServiceImpl.sysUserDao; nested exception is org.springframework.beans.factory.NoSuchBeanDefinitionException: No qualifying bean of type [com.simulation.dao.mybatis.sys.SysUserDao] found for dependency: expected at least 1 bean which qualifies as autowire candidate for this dependency. Dependency annotations: {@org.springframework.beans.factory.annotation.Autowired(required=true)}
	at org.springframework.beans.factory.annotation.AutowiredAnnotationBeanPostProcessor.postProcessPropertyValues(AutowiredAnnotationBeanPostProcessor.java:292)
	at org.springframework.beans.factory.support.AbstractAutowireCapableBeanFactory.populateBean(AbstractAutowireCapableBeanFactory.java:1185)
	at org.springframework.beans.factory.support.AbstractAutowireCapableBeanFactory.doCreateBean(AbstractAutowireCapableBeanFactory.java:537)
	at org.springframework.beans.factory.support.AbstractAutowireCapableBeanFactory.createBean(AbstractAutowireCapableBeanFactory.java:475)
	at org.springframework.beans.factory.support.AbstractBeanFactory$1.getObject(AbstractBeanFactory.java:304)
	at org.springframework.beans.factory.support.DefaultSingletonBeanRegistry.getSingleton(DefaultSingletonBeanRegistry.java:228)
	at org.springframework.beans.factory.support.AbstractBeanFactory.doGetBean(AbstractBeanFactory.java:300)
	at org.springframework.beans.factory.support.AbstractBeanFactory.getBean(AbstractBeanFactory.java:195)
	at org.springframework.beans.factory.support.DefaultListableBeanFactory.findAutowireCandidates(DefaultListableBeanFactory.java:1017)
	at org.springframework.beans.factory.support.DefaultListableBeanFactory.doResolveDependency(DefaultListableBeanFactory.java:960)
	at org.springframework.beans.factory.support.DefaultListableBeanFactory.resolveDependency(DefaultListableBeanFactory.java:858)
	at org.springframework.beans.factory.annotation.AutowiredAnnotationBeanPostProcessor$AutowiredFieldElement.inject(AutowiredAnnotationBeanPostProcessor.java:480)
	... 62 more
Caused by: org.springframework.beans.factory.BeanCreationException: Could not autowire field: private com.simulation.dao.mybatis.sys.SysUserDao com.simulation.service.sys.impl.SysUserServiceImpl.sysUserDao; nested exception is org.springframework.beans.factory.NoSuchBeanDefinitionException: No qualifying bean of type [com.simulation.dao.mybatis.sys.SysUserDao] found for dependency: expected at least 1 bean which qualifies as autowire candidate for this dependency. Dependency annotations: {@org.springframework.beans.factory.annotation.Autowired(required=true)}
	at org.springframework.beans.factory.annotation.AutowiredAnnotationBeanPostProcessor$AutowiredFieldElement.inject(AutowiredAnnotationBeanPostProcessor.java:508)
	at org.springframework.beans.factory.annotation.InjectionMetadata.inject(InjectionMetadata.java:87)
	at org.springframework.beans.factory.annotation.AutowiredAnnotationBeanPostProcessor.postProcessPropertyValues(AutowiredAnnotationBeanPostProcessor.java:289)
	... 73 more
Caused by: org.springframework.beans.factory.NoSuchBeanDefinitionException: No qualifying bean of type [com.simulation.dao.mybatis.sys.SysUserDao] found for dependency: expected at least 1 bean which qualifies as autowire candidate for this dependency. Dependency annotations: {@org.springframework.beans.factory.annotation.Autowired(required=true)}
	at org.springframework.beans.factory.support.DefaultListableBeanFactory.raiseNoSuchBeanDefinitionException(DefaultListableBeanFactory.java:1103)
	at org.springframework.beans.factory.support.DefaultListableBeanFactory.doResolveDependency(DefaultListableBeanFactory.java:963)
	at org.springframework.beans.factory.support.DefaultListableBeanFactory.resolveDependency(DefaultListableBeanFactory.java:858)
	at org.springframework.beans.factory.annotation.AutowiredAnnotationBeanPostProcessor$AutowiredFieldElement.inject(AutowiredAnnotationBeanPostProcessor.java:480)
	... 75 more
[WARN][2019-05-29 22:44:51,847][com.alibaba.druid.pool.DruidDataSource]removeAbandoned is true, not use in productiion.
[INFO][2019-05-29 22:44:51,896][com.alibaba.druid.pool.DruidDataSource]{dataSource-1} inited
[DEBUG][2019-05-29 22:44:53,666][com.simulation.dao.mybatis.knowledge.TaskDao.findCycleTask]ooo Using Connection [com.alibaba.druid.proxy.jdbc.ConnectionProxyImpl@4d4d8fcf]
[DEBUG][2019-05-29 22:44:53,666][com.simulation.dao.mybatis.knowledge.TaskDao.findCycleTask]==>  Preparing: select pc.id,pc.parent_id,theme,type,pc.description,distributor_id,u2.user_name distributor,pic_id,u3.user_name pic,executor_id,u1.user_name executor,begin_time,finish_time,status_id,s.description `status`,file_url,importance from t_task_plantask pc LEFT JOIN t_task_status s on s.id = pc.status_id LEFT JOIN t_sys_user u1 ON pc.executor_id = u1.id LEFT JOIN t_sys_user u2 ON pc.distributor_id = u2.id LEFT JOIN t_sys_user u3 ON pc.pic_id = u3.id where pc.type=? and available=true 
[DEBUG][2019-05-29 22:44:53,859][com.simulation.dao.mybatis.knowledge.TaskDao.findCycleTask]==> Parameters: 日周期任务(String)
[INFO][2019-05-29 22:44:53,927][com.alibaba.druid.pool.DruidDataSource]{dataSource-1} closing ...
[INFO][2019-05-29 22:44:53,930][com.alibaba.druid.pool.DruidDataSource]{dataSource-1} closed
[WARN][2019-05-29 22:45:40,780][com.alibaba.druid.pool.DruidDataSource]removeAbandoned is true, not use in productiion.
[INFO][2019-05-29 22:45:40,840][com.alibaba.druid.pool.DruidDataSource]{dataSource-1} inited
[DEBUG][2019-05-29 22:45:42,902][com.simulation.dao.mybatis.knowledge.TaskDao.findCycleTask]ooo Using Connection [com.alibaba.druid.proxy.jdbc.ConnectionProxyImpl@4d4d8fcf]
[DEBUG][2019-05-29 22:45:42,905][com.simulation.dao.mybatis.knowledge.TaskDao.findCycleTask]==>  Preparing: select pc.id,pc.parent_id,theme,type,pc.description,distributor_id,u2.user_name distributor,pic_id,u3.user_name pic,executor_id,u1.user_name executor,begin_time,finish_time,status_id,s.description `status`,file_url,importance from t_task_plantask pc LEFT JOIN t_task_status s on s.id = pc.status_id LEFT JOIN t_sys_user u1 ON pc.executor_id = u1.id LEFT JOIN t_sys_user u2 ON pc.distributor_id = u2.id LEFT JOIN t_sys_user u3 ON pc.pic_id = u3.id where pc.type=? and available=true 
[DEBUG][2019-05-29 22:45:43,008][com.simulation.dao.mybatis.knowledge.TaskDao.findCycleTask]ooo Using Connection [com.alibaba.druid.proxy.jdbc.ConnectionProxyImpl@228d305]
[DEBUG][2019-05-29 22:45:43,008][com.simulation.dao.mybatis.knowledge.TaskDao.findCycleTask]==>  Preparing: select pc.id,pc.parent_id,theme,type,pc.description,distributor_id,u2.user_name distributor,pic_id,u3.user_name pic,executor_id,u1.user_name executor,begin_time,finish_time,status_id,s.description `status`,file_url,importance from t_task_plantask pc LEFT JOIN t_task_status s on s.id = pc.status_id LEFT JOIN t_sys_user u1 ON pc.executor_id = u1.id LEFT JOIN t_sys_user u2 ON pc.distributor_id = u2.id LEFT JOIN t_sys_user u3 ON pc.pic_id = u3.id where pc.type=? and available=true 
[DEBUG][2019-05-29 22:45:43,114][com.simulation.dao.mybatis.knowledge.TaskDao.findCycleTask]==> Parameters: 日周期任务(String)
[DEBUG][2019-05-29 22:45:43,114][com.simulation.dao.mybatis.knowledge.TaskDao.findCycleTask]==> Parameters: 日周期任务(String)
[INFO][2019-05-29 22:45:43,194][com.alibaba.druid.pool.DruidDataSource]{dataSource-1} closing ...
[INFO][2019-05-29 22:45:43,194][com.alibaba.druid.pool.DruidDataSource]{dataSource-1} closed
